"../../../../../UnrealProjects/YatsenkoAM_0302_2023/Content/Downloads/AnimStarterPack/UE4_Mannequin/Mesh/UE4_Mannequin_Skeleton.uasset" 0
"../../../Engine/Content/Animation/DefaultAnimCurveCompressionSettings.uasset" 1
"../../../Engine/Content/Animation/DefaultAnimBoneCompressionSettings.uasset" 2
"../../../../../UnrealProjects/YatsenkoAM_0302_2023/Content/Downloads/AnimStarterPack/Aim_Space_Hip.uasset" 3
"../../../../../UnrealProjects/YatsenkoAM_0302_2023/Content/Downloads/AnimStarterPack/Aim_Space_Ironsights.uasset" 4
"../../../../../UnrealProjects/YatsenkoAM_0302_2023/Content/Downloads/AnimStarterPack/Crouch_to_Stand_Rifle_Hip.uasset" 5
"../../../../../UnrealProjects/YatsenkoAM_0302_2023/Content/Downloads/AnimStarterPack/Crouch_to_Stand_Rifle_Ironsights.uasset" 6
"../../../../../UnrealProjects/YatsenkoAM_0302_2023/Content/Downloads/AnimStarterPack/Crouch_Walk_Bwd_Rifle_Ironsights.uasset" 7
"../../../../../UnrealProjects/YatsenkoAM_0302_2023/Content/Downloads/AnimStarterPack/Crouch_Walk_Lt_Rifle_Ironsights.uasset" 8
"../../../../../UnrealProjects/YatsenkoAM_0302_2023/Content/Downloads/AnimStarterPack/Crouch_Walk_Rt_Rifle_Ironsights.uasset" 9
"../../../../../UnrealProjects/YatsenkoAM_0302_2023/Content/Downloads/AnimStarterPack/Death_1.uasset" 10
"../../../../../UnrealProjects/YatsenkoAM_0302_2023/Content/Downloads/AnimStarterPack/Death_2.uasset" 11
"../../../../../UnrealProjects/YatsenkoAM_0302_2023/Content/Downloads/AnimStarterPack/Death_3.uasset" 12
"../../../../../UnrealProjects/YatsenkoAM_0302_2023/Content/Downloads/AnimStarterPack/Death_Ironsights_1.uasset" 13
"../../../../../UnrealProjects/YatsenkoAM_0302_2023/Content/Downloads/AnimStarterPack/Death_Ironsights_2.uasset" 14
"../../../../../UnrealProjects/YatsenkoAM_0302_2023/Content/Downloads/AnimStarterPack/Equip_Rifle_Standing.uasset" 15
"../../../../../UnrealProjects/YatsenkoAM_0302_2023/Content/Downloads/AnimStarterPack/Fire_Rifle_Hip.uasset" 16
"../../../../../UnrealProjects/YatsenkoAM_0302_2023/Content/Downloads/AnimStarterPack/Fire_Shotgun_Hip.uasset" 17
"../../../../../UnrealProjects/YatsenkoAM_0302_2023/Content/Downloads/AnimStarterPack/Fire_Shotgun_Ironsights.uasset" 18
"../../../../../UnrealProjects/YatsenkoAM_0302_2023/Content/Downloads/AnimStarterPack/Hit_React_4.uasset" 19
"../../../../../UnrealProjects/YatsenkoAM_0302_2023/Content/Downloads/AnimStarterPack/Idle_Pistol.uasset" 20
"../../../../../UnrealProjects/YatsenkoAM_0302_2023/Content/Downloads/AnimStarterPack/Idle_Rifle_Ironsights.uasset" 21
"../../../../../UnrealProjects/YatsenkoAM_0302_2023/Content/Downloads/AnimStarterPack/Jump_From_Stand_Ironsights.uasset" 22
"../../../../../UnrealProjects/YatsenkoAM_0302_2023/Content/Downloads/AnimStarterPack/Prone_Death_1.uasset" 23
"../../../../../UnrealProjects/YatsenkoAM_0302_2023/Content/Downloads/AnimStarterPack/Prone_Death_2.uasset" 24
"../../../../../UnrealProjects/YatsenkoAM_0302_2023/Content/Downloads/AnimStarterPack/Prone_Fire_1.uasset" 25
"../../../../../UnrealProjects/YatsenkoAM_0302_2023/Content/Downloads/AnimStarterPack/Prone_Fire_2.uasset" 26
"../../../../../UnrealProjects/YatsenkoAM_0302_2023/Content/Downloads/AnimStarterPack/Prone_Idle.uasset" 27
"../../../../../UnrealProjects/YatsenkoAM_0302_2023/Content/Downloads/AnimStarterPack/Prone_Reload_Rifle.uasset" 28
"../../../../../UnrealProjects/YatsenkoAM_0302_2023/Content/Downloads/AnimStarterPack/Prone_Reload_Shotgun.uasset" 29
"../../../../../UnrealProjects/YatsenkoAM_0302_2023/Content/Downloads/AnimStarterPack/Prone_To_Stand.uasset" 30
"../../../../../UnrealProjects/YatsenkoAM_0302_2023/Content/Downloads/AnimStarterPack/Reload_Pistol.uasset" 31
"../../../../../UnrealProjects/YatsenkoAM_0302_2023/Content/Downloads/AnimStarterPack/Reload_Rifle_Ironsights.uasset" 32
"../../../../../UnrealProjects/YatsenkoAM_0302_2023/Content/Downloads/AnimStarterPack/Reload_Shotgun_Hip.uasset" 33
"../../../../../UnrealProjects/YatsenkoAM_0302_2023/Content/Downloads/AnimStarterPack/Reload_Shotgun_Ironsights.uasset" 34
"../../../../../UnrealProjects/YatsenkoAM_0302_2023/Content/Downloads/AnimStarterPack/Sprint_Fwd_Rifle.uasset" 35
"../../../../../UnrealProjects/YatsenkoAM_0302_2023/Content/Downloads/AnimStarterPack/Stand_to_Crouch_Rifle_Hip.uasset" 36
"../../../../../UnrealProjects/YatsenkoAM_0302_2023/Content/Downloads/AnimStarterPack/Stand_to_Crouch_Rifle_Ironsights.uasset" 37
"../../../../../UnrealProjects/YatsenkoAM_0302_2023/Content/Downloads/AnimStarterPack/Stand_To_Prone.uasset" 38
"../../../../../UnrealProjects/YatsenkoAM_0302_2023/Content/Downloads/AnimStarterPack/Walk_Bwd_Rifle_Ironsights.uasset" 39
"../../../../../UnrealProjects/YatsenkoAM_0302_2023/Content/Downloads/AnimStarterPack/Walk_Lt_Rifle_Ironsights.uasset" 40
"../../../../../UnrealProjects/YatsenkoAM_0302_2023/Content/Downloads/AnimStarterPack/Walk_Rt_Rifle_Ironsights.uasset" 41
"../../../../../UnrealProjects/YatsenkoAM_0302_2023/Content/Downloads/FirstPerson/Character/Textures/UE4_LOGO_CARD.uasset" 42
"../../../../../UnrealProjects/YatsenkoAM_0302_2023/Content/Downloads/FirstPerson/FPWeapon/Materials/MaterialLayers/ML_Plastic_Shiny_Beige_LOGO.uasset" 43
"../../../../../UnrealProjects/YatsenkoAM_0302_2023/Content/Downloads/FirstPerson/FPWeapon/Materials/MaterialLayers/T_ML_FineRubber.uasset" 44
"../../../../../UnrealProjects/YatsenkoAM_0302_2023/Content/Downloads/FirstPerson/FPWeapon/Mesh/SK_FPGun_PhysicsAsset.uasset" 45
"../../../../../UnrealProjects/YatsenkoAM_0302_2023/Content/Downloads/FirstPerson/Meshes/BaseMaterial.uasset" 46
"../../../../../UnrealProjects/YatsenkoAM_0302_2023/Content/Downloads/FirstPerson/Meshes/FirstPersonProjectileMaterial.uasset" 47
"../../../../../UnrealProjects/YatsenkoAM_0302_2023/Content/Downloads/FirstPerson/Meshes/FirstPersonProjectileMesh.uasset" 48
"../../../../../UnrealProjects/YatsenkoAM_0302_2023/Content/Downloads/FirstPersonBP/FirstPersonOverview.uasset" 49
"../../../../../UnrealProjects/YatsenkoAM_0302_2023/Content/Downloads/FirstPerson/Textures/FirstPersonCrosshair.uasset" 50
"../../../../../UnrealProjects/YatsenkoAM_0302_2023/Content/Downloads/FirstPersonBP/Blueprints/FirstPersonHUD.uasset" 51
"../../../../../UnrealProjects/YatsenkoAM_0302_2023/Content/Downloads/FirstPerson/FPWeapon/Mesh/SK_FPGun_Skeleton.uasset" 52
"../../../../../UnrealProjects/YatsenkoAM_0302_2023/Content/Downloads/FirstPerson/FPWeapon/Textures/T_FPGun_N.uasset" 53
"../../../../../UnrealProjects/YatsenkoAM_0302_2023/Content/Downloads/FirstPerson/FPWeapon/Textures/T_FPGun_M.uasset" 54
"../../../../../UnrealProjects/YatsenkoAM_0302_2023/Content/Downloads/FirstPerson/FPWeapon/Materials/MaterialLayers/T_ML_Rubber_Blue_01_N.uasset" 55
"../../../../../UnrealProjects/YatsenkoAM_0302_2023/Content/Downloads/FirstPerson/FPWeapon/Materials/MaterialLayers/T_ML_Rubber_Blue_01_D.uasset" 56
"../../../../../UnrealProjects/YatsenkoAM_0302_2023/Content/Downloads/FirstPerson/FPWeapon/Materials/MaterialLayers/T_ML_Aluminum01_N.uasset" 57
"../../../../../UnrealProjects/YatsenkoAM_0302_2023/Content/Downloads/FirstPerson/FPWeapon/Materials/MaterialLayers/T_ML_Aluminum01.uasset" 58
"../../../../../UnrealProjects/YatsenkoAM_0302_2023/Content/Downloads/FirstPerson/FPWeapon/Materials/MaterialLayers/ML_SoftMetal_UE4.uasset" 59
"../../../../../UnrealProjects/YatsenkoAM_0302_2023/Content/Downloads/FirstPerson/FPWeapon/Materials/MaterialLayers/ML_Screen.uasset" 60
"../../../../../UnrealProjects/YatsenkoAM_0302_2023/Content/Downloads/FirstPerson/FPWeapon/Materials/MaterialLayers/ML_Plastic_Shiny_Beige.uasset" 61
"../../../../../UnrealProjects/YatsenkoAM_0302_2023/Content/Downloads/FirstPerson/FPWeapon/Materials/MaterialLayers/ML_GlossyBlack_Latex_UE4.uasset" 62
"../../../Engine/Content/Functions/MaterialLayerFunctions/MatLayerBlend_Simple.uasset" 63
"../../../Engine/Content/Functions/Engine_MaterialFunctions02/Utility/BlendAngleCorrectedNormals.uasset" 64
"../../../Engine/Content/Functions/MaterialLayerFunctions/MatLayerBlend_NormalBlend.uasset" 65
"../../../../../UnrealProjects/YatsenkoAM_0302_2023/Content/Downloads/FirstPerson/FPWeapon/Materials/M_FPGun.uasset" 66
"../../../../../UnrealProjects/YatsenkoAM_0302_2023/Content/Downloads/FirstPerson/FPWeapon/Mesh/SK_FPGun.uasset" 67
"../../../../../UnrealProjects/YatsenkoAM_0302_2023/Content/Downloads/FirstPerson/Character/Mesh/SK_Mannequin_Arms_PhysicsAsset.uasset" 68
"../../../../../UnrealProjects/YatsenkoAM_0302_2023/Content/Downloads/FirstPerson/Character/Textures/UE4_Mannequin_MAT_MASKA.uasset" 69
"../../../../../UnrealProjects/YatsenkoAM_0302_2023/Content/Downloads/FirstPerson/Character/Textures/UE4_Mannequin__normals.uasset" 70
"../../../../../UnrealProjects/YatsenkoAM_0302_2023/Content/Downloads/FirstPerson/Character/Materials/MaterialLayers/T_ML_Rubber_Blue_01_N.uasset" 71
"../../../../../UnrealProjects/YatsenkoAM_0302_2023/Content/Downloads/FirstPerson/Character/Materials/MaterialLayers/T_ML_Rubber_Blue_01_D.uasset" 72
"../../../../../UnrealProjects/YatsenkoAM_0302_2023/Content/Downloads/FirstPerson/Character/Materials/MaterialLayers/T_ML_Aluminum01_N.uasset" 73
"../../../../../UnrealProjects/YatsenkoAM_0302_2023/Content/Downloads/FirstPerson/Character/Materials/MaterialLayers/T_ML_Aluminum01.uasset" 74
"../../../../../UnrealProjects/YatsenkoAM_0302_2023/Content/Downloads/FirstPerson/Character/Materials/MaterialLayers/ML_SoftMetal_UE4.uasset" 75
"../../../../../UnrealProjects/YatsenkoAM_0302_2023/Content/Downloads/FirstPerson/Character/Materials/MaterialLayers/ML_Plastic_Shiny_Beige_LOGO.uasset" 76
"../../../../../UnrealProjects/YatsenkoAM_0302_2023/Content/Downloads/FirstPerson/Character/Materials/MaterialLayers/ML_Plastic_Shiny_Beige.uasset" 77
"../../../../../UnrealProjects/YatsenkoAM_0302_2023/Content/Downloads/FirstPerson/Character/Materials/MaterialLayers/ML_GlossyBlack_Latex_UE4.uasset" 78
"../../../../../UnrealProjects/YatsenkoAM_0302_2023/Content/Downloads/FirstPerson/Character/Materials/M_UE4Man_Body.uasset" 79
"../../../../../UnrealProjects/YatsenkoAM_0302_2023/Content/Downloads/FirstPerson/Character/Mesh/SK_Mannequin_Arms_Skeleton.uasset" 80
"../../../../../UnrealProjects/YatsenkoAM_0302_2023/Content/Downloads/FirstPerson/Character/Mesh/SK_Mannequin_Arms.uasset" 81
"../../../../../UnrealProjects/YatsenkoAM_0302_2023/Content/Downloads/FirstPerson/Audio/FirstPersonTemplateWeaponFire02.uasset" 82
"../../../Engine/Content/EditorBlueprintResources/StandardMacros.uasset" 83
"../../../../../UnrealProjects/YatsenkoAM_0302_2023/Content/Downloads/FirstPerson/Animations/FirstPerson_Run.uasset" 84
"../../../../../UnrealProjects/YatsenkoAM_0302_2023/Content/Downloads/FirstPerson/Animations/FirstPerson_JumpStart.uasset" 85
"../../../../../UnrealProjects/YatsenkoAM_0302_2023/Content/Downloads/FirstPerson/Animations/FirstPerson_JumpLoop.uasset" 86
"../../../../../UnrealProjects/YatsenkoAM_0302_2023/Content/Downloads/FirstPerson/Animations/FirstPerson_JumpEnd.uasset" 87
"../../../../../UnrealProjects/YatsenkoAM_0302_2023/Content/Downloads/FirstPerson/Animations/FirstPerson_Idle.uasset" 88
"../../../../../UnrealProjects/YatsenkoAM_0302_2023/Content/Downloads/FirstPerson/Animations/FirstPerson_AnimBP.uasset" 89
"../../../../../UnrealProjects/YatsenkoAM_0302_2023/Content/Downloads/FirstPerson/Animations/FirstPerson_Fire.uasset" 90
"../../../../../UnrealProjects/YatsenkoAM_0302_2023/Content/Downloads/FirstPerson/Animations/FirstPersonFire_Montage.uasset" 91
"../../../../../UnrealProjects/YatsenkoAM_0302_2023/Content/Downloads/FirstPersonBP/Blueprints/FirstPersonCharacter.uasset" 92
"../../../../../UnrealProjects/YatsenkoAM_0302_2023/Content/Downloads/FirstPersonBP/Blueprints/FirstPersonGameMode.uasset" 93
"../../../../../UnrealProjects/YatsenkoAM_0302_2023/Content/Downloads/StarterContent/Materials/M_Basic_Wall.uasset" 94
"../../../../../UnrealProjects/YatsenkoAM_0302_2023/Content/Downloads/StarterContent/Architecture/Pillar_50x500.uasset" 95
"../../../../../UnrealProjects/YatsenkoAM_0302_2023/Content/Downloads/StarterContent/Architecture/Wall_400x300.uasset" 96
"../../../../../UnrealProjects/YatsenkoAM_0302_2023/Content/Downloads/StarterContent/Architecture/Wall_400x400.uasset" 97
"../../../../../UnrealProjects/YatsenkoAM_0302_2023/Content/Downloads/StarterContent/Architecture/Wall_500x500.uasset" 98
"../../../../../UnrealProjects/YatsenkoAM_0302_2023/Content/Downloads/StarterContent/Architecture/Wall_Door_400x400.uasset" 99
"../../../../../UnrealProjects/YatsenkoAM_0302_2023/Content/Downloads/StarterContent/Architecture/Wall_Window_400x400.uasset" 100
"../../../../../UnrealProjects/YatsenkoAM_0302_2023/Content/Downloads/StarterContent/Audio/Light01.uasset" 101
"../../../../../UnrealProjects/YatsenkoAM_0302_2023/Content/Downloads/StarterContent/Audio/Light01_Cue.uasset" 102
"../../../../../UnrealProjects/YatsenkoAM_0302_2023/Content/Downloads/StarterContent/Audio/Light02.uasset" 103
"../../../../../UnrealProjects/YatsenkoAM_0302_2023/Content/Downloads/StarterContent/Audio/Light02_Cue.uasset" 104
"../../../../../UnrealProjects/YatsenkoAM_0302_2023/Content/Downloads/StarterContent/Textures/T_Smoke_Tiled_D.uasset" 105
"../../../../../UnrealProjects/YatsenkoAM_0302_2023/Content/Downloads/StarterContent/Textures/T_Smoke_SubUV.uasset" 106
"../../../../../UnrealProjects/YatsenkoAM_0302_2023/Content/Downloads/StarterContent/Particles/Materials/M_smoke_subUV.uasset" 107
"../../../Engine/Content/Functions/Engine_MaterialFunctions01/Gradient/RadialGradient.uasset" 108
"../../../../../UnrealProjects/YatsenkoAM_0302_2023/Content/Downloads/StarterContent/Particles/Materials/M_radial_ramp.uasset" 109
"../../../../../UnrealProjects/YatsenkoAM_0302_2023/Content/Downloads/StarterContent/Particles/Materials/m_flare_01.uasset" 110
"../../../../../UnrealProjects/YatsenkoAM_0302_2023/Content/Downloads/StarterContent/Textures/T_Explosion_SubUV.uasset" 111
"../../../../../UnrealProjects/YatsenkoAM_0302_2023/Content/Downloads/StarterContent/Particles/Materials/M_explosion_subUV.uasset" 112
"../../../../../UnrealProjects/YatsenkoAM_0302_2023/Content/Downloads/StarterContent/Textures/T_Burst_M.uasset" 113
"../../../../../UnrealProjects/YatsenkoAM_0302_2023/Content/Downloads/StarterContent/Particles/Materials/M_Burst.uasset" 114
"../../../../../UnrealProjects/YatsenkoAM_0302_2023/Content/Downloads/StarterContent/Particles/P_Explosion.uasset" 115
"../../../../../UnrealProjects/YatsenkoAM_0302_2023/Content/Downloads/StarterContent/Audio/Explosion02.uasset" 116
"../../../../../UnrealProjects/YatsenkoAM_0302_2023/Content/Downloads/StarterContent/Audio/Explosion01.uasset" 117
"../../../../../UnrealProjects/YatsenkoAM_0302_2023/Content/Downloads/StarterContent/Audio/Explosion_Cue.uasset" 118
"../../../../../UnrealProjects/YatsenkoAM_0302_2023/Content/Downloads/StarterContent/Blueprints/Blueprint_Effect_Explosion.uasset" 119
"../../../../../UnrealProjects/YatsenkoAM_0302_2023/Content/Downloads/StarterContent/Geometry/Meshes/CubeMaterial.uasset" 120
"../../../../../UnrealProjects/YatsenkoAM_0302_2023/Content/Downloads/StarterContent/Geometry/Meshes/1M_Cube_Chamfer.uasset" 121
"../../../../../UnrealProjects/YatsenkoAM_0302_2023/Content/Downloads/StarterContent/Geometry/Meshes/TemplateFloor.uasset" 122
"../../../Engine/Content/EditorMeshes/ColorCalibrator/T_ColorGrid.uasset" 123
"../../../../../UnrealProjects/YatsenkoAM_0302_2023/Content/Downloads/StarterContent/Materials/M_ColorGrid_LowSpec.uasset" 124
"../../../../../UnrealProjects/YatsenkoAM_0302_2023/Content/Downloads/StarterContent/Textures/T_Bush_N.uasset" 125
"../../../../../UnrealProjects/YatsenkoAM_0302_2023/Content/Downloads/StarterContent/Textures/T_Bush_D.uasset" 126
"../../../../../UnrealProjects/YatsenkoAM_0302_2023/Content/Downloads/StarterContent/Props/Materials/M_Bush.uasset" 127
"../../../../../UnrealProjects/YatsenkoAM_0302_2023/Content/Downloads/StarterContent/Props/SM_Bush.uasset" 128
"../../../../../UnrealProjects/YatsenkoAM_0302_2023/Content/Downloads/StarterContent/Textures/T_Chair_N.uasset" 129
"../../../../../UnrealProjects/YatsenkoAM_0302_2023/Content/Downloads/StarterContent/Textures/T_Chair_M.uasset" 130
"../../../../../UnrealProjects/YatsenkoAM_0302_2023/Content/Downloads/StarterContent/Props/Materials/M_Chair.uasset" 131
"../../../../../UnrealProjects/YatsenkoAM_0302_2023/Content/Downloads/StarterContent/Props/SM_Couch.uasset" 132
"../../../../../UnrealProjects/YatsenkoAM_0302_2023/Content/Downloads/StarterContent/Materials/M_Glass.uasset" 133
"../../../../../UnrealProjects/YatsenkoAM_0302_2023/Content/Downloads/StarterContent/Textures/T_Door_N.uasset" 134
"../../../../../UnrealProjects/YatsenkoAM_0302_2023/Content/Downloads/StarterContent/Textures/T_Door_M.uasset" 135
"../../../../../UnrealProjects/YatsenkoAM_0302_2023/Content/Downloads/StarterContent/Props/Materials/M_Door.uasset" 136
"../../../../../UnrealProjects/YatsenkoAM_0302_2023/Content/Downloads/StarterContent/Props/SM_Door.uasset" 137
"../../../../../UnrealProjects/YatsenkoAM_0302_2023/Content/Downloads/StarterContent/Props/Materials/M_MaterialSphere_Plain.uasset" 138
"../../../../../UnrealProjects/YatsenkoAM_0302_2023/Content/Downloads/StarterContent/Props/Materials/M_MaterialSphere.uasset" 139
"../../../../../UnrealProjects/YatsenkoAM_0302_2023/Content/Downloads/StarterContent/Props/SM_MatPreviewMesh_02.uasset" 140
"../../../../../UnrealProjects/YatsenkoAM_0302_2023/Content/Downloads/StarterContent/Textures/T_RockMesh_N.uasset" 141
"../../../../../UnrealProjects/YatsenkoAM_0302_2023/Content/Downloads/StarterContent/Textures/T_RockMesh_M.uasset" 142
"../../../../../UnrealProjects/YatsenkoAM_0302_2023/Content/Downloads/StarterContent/Textures/T_Detail_Rocky_N.uasset" 143
"../../../../../UnrealProjects/YatsenkoAM_0302_2023/Content/Downloads/StarterContent/Textures/T_Rock_Basalt_D.uasset" 144
"../../../../../UnrealProjects/YatsenkoAM_0302_2023/Content/Downloads/StarterContent/Props/Materials/M_Rock.uasset" 145
"../../../../../UnrealProjects/YatsenkoAM_0302_2023/Content/Downloads/StarterContent/Props/SM_Rock.uasset" 146
"../../../../../UnrealProjects/YatsenkoAM_0302_2023/Content/Downloads/StarterContent/Textures/T_Shelf_N.uasset" 147
"../../../../../UnrealProjects/YatsenkoAM_0302_2023/Content/Downloads/StarterContent/Textures/T_Shelf_M.uasset" 148
"../../../../../UnrealProjects/YatsenkoAM_0302_2023/Content/Downloads/StarterContent/Props/Materials/M_Shelf.uasset" 149
"../../../../../UnrealProjects/YatsenkoAM_0302_2023/Content/Downloads/StarterContent/Props/SM_Shelf.uasset" 150
"../../../../../UnrealProjects/YatsenkoAM_0302_2023/Content/Downloads/StarterContent/Materials/M_Basic_Floor.uasset" 151
"../../../../../UnrealProjects/YatsenkoAM_0302_2023/Content/Downloads/StarterContent/Props/SM_Stairs.uasset" 152
"../../../../../UnrealProjects/YatsenkoAM_0302_2023/Content/Downloads/StarterContent/Shapes/Shape_Cone.uasset" 153
"../../../../../UnrealProjects/YatsenkoAM_0302_2023/Content/Downloads/StarterContent/Shapes/Shape_Cylinder.uasset" 154
"../../../../../UnrealProjects/YatsenkoAM_0302_2023/Content/Downloads/StarterContent/Shapes/Shape_NarrowCapsule.uasset" 155
"../../../../../UnrealProjects/YatsenkoAM_0302_2023/Content/Downloads/StarterContent/Shapes/Shape_Pipe.uasset" 156
"../../../../../UnrealProjects/YatsenkoAM_0302_2023/Content/Downloads/StarterContent/Shapes/Shape_Pipe_180.uasset" 157
"../../../../../UnrealProjects/YatsenkoAM_0302_2023/Content/Downloads/StarterContent/Shapes/Shape_Pipe_90.uasset" 158
"../../../../../UnrealProjects/YatsenkoAM_0302_2023/Content/Downloads/StarterContent/Shapes/Shape_Plane.uasset" 159
"../../../../../UnrealProjects/YatsenkoAM_0302_2023/Content/Downloads/StarterContent/Shapes/Shape_Torus.uasset" 160
"../../../../../UnrealProjects/YatsenkoAM_0302_2023/Content/Downloads/StarterContent/Shapes/Shape_Trim.uasset" 161
"../../../../../UnrealProjects/YatsenkoAM_0302_2023/Content/Downloads/StarterContent/Shapes/Shape_Trim_90_In.uasset" 162
"../../../../../UnrealProjects/YatsenkoAM_0302_2023/Content/Downloads/StarterContent/Shapes/Shape_Trim_90_Out.uasset" 163
"../../../../../UnrealProjects/YatsenkoAM_0302_2023/Content/Downloads/StarterContent/Shapes/Shape_TriPyramid.uasset" 164
"../../../../../UnrealProjects/YatsenkoAM_0302_2023/Content/Downloads/StarterContent/Shapes/Shape_Tube.uasset" 165
"../../../../../UnrealProjects/YatsenkoAM_0302_2023/Content/Downloads/StarterContent/Shapes/Shape_Wedge_A.uasset" 166
"../../../../../UnrealProjects/YatsenkoAM_0302_2023/Content/Downloads/StarterContent/Shapes/Shape_Wedge_B.uasset" 167
"../../../../../UnrealProjects/YatsenkoAM_0302_2023/Content/Downloads/StarterContent/Shapes/Shape_WideCapsule.uasset" 168
"../../../../../UnrealProjects/YatsenkoAM_0302_2023/Content/Downloads/ThirdPerson/Mannequin/Character/Mesh/UE4_Mannequin_Skeleton.uasset" 169
"../../../../../UnrealProjects/YatsenkoAM_0302_2023/Content/Downloads/ThirdPerson/Mannequin/Animations/ThirdPersonJump_End.uasset" 170
"../../../../../UnrealProjects/YatsenkoAM_0302_2023/Content/Downloads/ThirdPerson/Mannequin/Animations/ThirdPersonWalk.uasset" 171
"../../../../../UnrealProjects/YatsenkoAM_0302_2023/Content/Downloads/ThirdPerson/Mannequin/Animations/ThirdPersonRun.uasset" 172
"../../../../../UnrealProjects/YatsenkoAM_0302_2023/Content/Downloads/ThirdPerson/Mannequin/Animations/ThirdPersonIdle.uasset" 173
"../../../../../UnrealProjects/YatsenkoAM_0302_2023/Content/Downloads/ThirdPerson/Mannequin/Animations/ThirdPerson_IdleRun_2D.uasset" 174
"../../../../../UnrealProjects/YatsenkoAM_0302_2023/Content/Downloads/ThirdPerson/Mannequin/Animations/ThirdPerson_Jump.uasset" 175
"../../../../../UnrealProjects/YatsenkoAM_0302_2023/Content/Downloads/ThirdPerson/Mannequin/Animations/ThirdPersonJump_Start.uasset" 176
"../../../../../UnrealProjects/YatsenkoAM_0302_2023/Content/Downloads/ThirdPerson/Mannequin/Animations/ThirdPersonJump_Loop.uasset" 177
"../../../../../UnrealProjects/YatsenkoAM_0302_2023/Content/Downloads/ThirdPerson/Mannequin/Animations/ThirdPerson_AnimBP.uasset" 178
"../../../../../UnrealProjects/YatsenkoAM_0302_2023/Content/Downloads/ThirdPerson/Mannequin/Character/Mesh/SK_Mannequin_PhysicsAsset.uasset" 179
"../../../../../UnrealProjects/YatsenkoAM_0302_2023/Content/Downloads/ThirdPerson/Mannequin/Character/Textures/T_UE4Logo_N.uasset" 180
"../../../../../UnrealProjects/YatsenkoAM_0302_2023/Content/Downloads/ThirdPerson/Mannequin/Character/Textures/T_UE4Logo_Mask.uasset" 181
"../../../../../UnrealProjects/YatsenkoAM_0302_2023/Content/Downloads/ThirdPerson/Mannequin/Character/Textures/T_Male_N.uasset" 182
"../../../../../UnrealProjects/YatsenkoAM_0302_2023/Content/Downloads/ThirdPerson/Mannequin/Character/Textures/T_Male_Mask.uasset" 183
"../../../../../UnrealProjects/YatsenkoAM_0302_2023/Content/Downloads/ThirdPerson/Mannequin/Character/Materials/MaterialLayers/T_ML_Rubber_Blue_01_N.uasset" 184
"../../../../../UnrealProjects/YatsenkoAM_0302_2023/Content/Downloads/ThirdPerson/Mannequin/Character/Materials/MaterialLayers/T_ML_Rubber_Blue_01_D.uasset" 185
"../../../../../UnrealProjects/YatsenkoAM_0302_2023/Content/Downloads/ThirdPerson/Mannequin/Character/Materials/MaterialLayers/T_ML_Aluminum01_N.uasset" 186
"../../../../../UnrealProjects/YatsenkoAM_0302_2023/Content/Downloads/ThirdPerson/Mannequin/Character/Materials/MaterialLayers/T_ML_Aluminum01.uasset" 187
"../../../../../UnrealProjects/YatsenkoAM_0302_2023/Content/Downloads/ThirdPerson/Mannequin/Character/Materials/MaterialLayers/ML_SoftMetal_UE4.uasset" 188
"../../../../../UnrealProjects/YatsenkoAM_0302_2023/Content/Downloads/ThirdPerson/Mannequin/Character/Materials/MaterialLayers/ML_Plastic_Shiny_Beige_LOGO.uasset" 189
"../../../../../UnrealProjects/YatsenkoAM_0302_2023/Content/Downloads/ThirdPerson/Mannequin/Character/Materials/MaterialLayers/ML_Plastic_Shiny_Beige.uasset" 190
"../../../../../UnrealProjects/YatsenkoAM_0302_2023/Content/Downloads/ThirdPerson/Mannequin/Character/Materials/MaterialLayers/ML_GlossyBlack_Latex_UE4.uasset" 191
"../../../../../UnrealProjects/YatsenkoAM_0302_2023/Content/Downloads/ThirdPerson/Mannequin/Character/Materials/M_Male_Body.uasset" 192
"../../../../../UnrealProjects/YatsenkoAM_0302_2023/Content/Downloads/ThirdPerson/Mannequin/Character/Materials/M_UE4Man_ChestLogo.uasset" 193
"../../../../../UnrealProjects/YatsenkoAM_0302_2023/Content/Downloads/ThirdPerson/Mannequin/Character/Mesh/SK_Mannequin.uasset" 194
"../../../../../UnrealProjects/YatsenkoAM_0302_2023/Content/Downloads/ThirdPerson/Mannequin/Character/Mesh/SK_Mannequin_Female_PhysicsAsset.uasset" 195
"../../../../../UnrealProjects/YatsenkoAM_0302_2023/Content/Downloads/ThirdPerson/Mannequin/Character/Textures/T_Female_N.uasset" 196
"../../../../../UnrealProjects/YatsenkoAM_0302_2023/Content/Downloads/ThirdPerson/Mannequin/Character/Textures/T_Female_Mask.uasset" 197
"../../../../../UnrealProjects/YatsenkoAM_0302_2023/Content/Downloads/ThirdPerson/Mannequin/Character/Materials/MI_Female_Body.uasset" 198
"../../../../../UnrealProjects/YatsenkoAM_0302_2023/Content/Downloads/ThirdPerson/Mannequin/Character/Mesh/SK_Mannequin_Female.uasset" 199
"../../../../../UnrealProjects/YatsenkoAM_0302_2023/Content/Downloads/ThirdPerson/Meshes/RampMaterial.uasset" 200
"../../../../../UnrealProjects/YatsenkoAM_0302_2023/Content/Downloads/ThirdPerson/Meshes/Bump_StaticMesh.uasset" 201
"../../../../../UnrealProjects/YatsenkoAM_0302_2023/Content/Downloads/ThirdPerson/Meshes/LeftArm_StaticMesh.uasset" 202
"../../../../../UnrealProjects/YatsenkoAM_0302_2023/Content/Downloads/ThirdPerson/Meshes/Linear_Stair_StaticMesh.uasset" 203
"../../../../../UnrealProjects/YatsenkoAM_0302_2023/Content/Downloads/ThirdPerson/Meshes/Ramp_StaticMesh.uasset" 204
"../../../../../UnrealProjects/YatsenkoAM_0302_2023/Content/Downloads/ThirdPerson/Meshes/RightArm_StaticMesh.uasset" 205
"../../../../../UnrealProjects/YatsenkoAM_0302_2023/Content/Downloads/ThirdPersonBP/ThirdPersonOverview.uasset" 206
"../../../../../UnrealProjects/YatsenkoAM_0302_2023/Content/Downloads/ThirdPersonBP/Blueprints/ThirdPersonCharacter.uasset" 207
"../../../../../UnrealProjects/YatsenkoAM_0302_2023/Content/Downloads/ThirdPersonBP/Blueprints/ThirdPersonGameMode.uasset" 208
"../../../../../UnrealProjects/YatsenkoAM_0302_2023/Content/Trash/TestActor1.uasset" 209
"../../../Engine/Content/EngineMaterials/T_Default_Material_Grid_N.uasset" 210
"../../../Engine/Content/EngineMaterials/T_Default_Material_Grid_M.uasset" 211
"../../../Engine/Content/Functions/Engine_MaterialFunctions01/Opacity/CameraDepthFade.uasset" 212
"../../../Engine/Content/EngineMaterials/WorldGridMaterial.uasset" 213
"../../../Engine/Content/ArtTools/RenderToTexture/Meshes/S_1_Unit_Plane.uasset" 214
"../../../Engine/Content/EngineMaterials/DefaultMaterial.uasset" 215
"../../../Engine/Content/BasicShapes/Cone.uasset" 216
"../../../Engine/Content/BasicShapes/Cube.uasset" 217
"../../../Engine/Content/BasicShapes/Plane.uasset" 218
"../../../Engine/Content/BasicShapes/Sphere.uasset" 219
"../../../Engine/Content/EditorLandscapeResources/DataLayer.uasset" 220
"../../../Engine/Content/EditorLandscapeResources/DefaultAlphaTexture.uasset" 221
"../../../Engine/Content/EditorMaterials/MAT_Groups_Toggle.uasset" 222
"../../../Engine/Content/EditorMaterials/MAT_Groups_Visibility.uasset" 223
"../../../Engine/Content/EditorMaterials/PreviewShadowIndicator.uasset" 224
"../../../Engine/Content/EditorMaterials/PreviewShadowIndicatorMaterial.uasset" 225
"../../../Engine/Content/EditorMaterials/MatineeGroups/MAT_ColorTrack.uasset" 226
"../../../Engine/Content/EditorMaterials/MatineeGroups/MAT_Groups_Anim.uasset" 227
"../../../Engine/Content/EditorMaterials/MatineeGroups/MAT_Groups_AudioMaster.uasset" 228
"../../../Engine/Content/EditorMaterials/MatineeGroups/MAT_Groups_Director.uasset" 229
"../../../Engine/Content/EditorMaterials/MatineeGroups/MAT_Groups_Event.uasset" 230
"../../../Engine/Content/EditorMaterials/MatineeGroups/MAT_Groups_Fade.uasset" 231
"../../../Engine/Content/EditorMaterials/MatineeGroups/MAT_Groups_Float.uasset" 232
"../../../Engine/Content/EditorMaterials/MatineeGroups/MAT_Groups_Move.uasset" 233
"../../../Engine/Content/EditorMaterials/MatineeGroups/MAT_Groups_Slomo.uasset" 234
"../../../Engine/Content/EditorMaterials/MatineeGroups/MAT_Groups_Sound.uasset" 235
"../../../Engine/Content/EditorMaterials/MatineeGroups/MAT_Groups_Vector.uasset" 236
"../../../Engine/Content/EditorMaterials/ParticleSystems/PSysThumbnail_NoImage.uasset" 237
"../../../Engine/Content/EditorMaterials/ParticleSystems/PSysThumbnail_OOD.uasset" 238
"../../../Engine/Content/EditorMaterials/Camera/CineMat.uasset" 239
"../../../Engine/Content/EditorMaterials/Camera/MI_CineMat_Rig.uasset" 240
"../../../Engine/Content/EditorMeshes/Camera/SM_CraneRig_Arm.uasset" 241
"../../../Engine/Content/EditorMeshes/Camera/SM_CraneRig_Base.uasset" 242
"../../../Engine/Content/EditorMeshes/Camera/SM_CraneRig_Body.uasset" 243
"../../../Engine/Content/EditorMeshes/Camera/SM_CraneRig_Mount.uasset" 244
"../../../Engine/Content/EditorMeshes/Camera/SM_RailRig_Mount.uasset" 245
"../../../Engine/Content/EditorMeshes/Camera/SM_RailRig_Track.uasset" 246
"../../../Engine/Content/EditorResources/BSPVertex.uasset" 247
"../../../Engine/Content/EditorResources/EmptyActor.uasset" 248
"../../../Engine/Content/EditorResources/S_Actor.uasset" 249
"../../../Engine/Content/EditorResources/S_Note.uasset" 250
"../../../Engine/Content/EditorResources/S_Solver.uasset" 251
"../../../Engine/Content/EditorResources/S_Terrain.uasset" 252
"../../../Engine/Content/EditorResources/S_Trigger.uasset" 253
"../../../Engine/Content/EditorResources/AudioIcons/S_AudioComponent.uasset" 254
"../../../Engine/Content/EditorResources/AudioIcons/S_AudioComponent_AutoActivate.uasset" 255
"../../../Engine/Content/EditorResources/LightIcons/S_LightError.uasset" 256
"../../../Engine/Content/EditorResources/SequenceRecorder/Countdown.uasset" 257
"../../../Engine/Content/EditorResources/SequenceRecorder/RecordingIndicator.uasset" 258
"../../../Engine/Content/EngineDamageTypes/DmgTypeBP_Environmental.uasset" 259
"../../../Engine/Content/EngineDebugMaterials/DebugEditorMaterial.uasset" 260
"../../../Engine/Content/EngineDebugMaterials/DebugMeshMaterial.uasset" 261
"../../../Engine/Content/EngineDebugMaterials/M_SimpleUnlitTranslucent.uasset" 262
"../../../Engine/Content/EngineDebugMaterials/VolumeToRender.uasset" 263
"../../../Engine/Content/Functions/Engine_MaterialFunctions02/Utility/CameraDirectionVector.uasset" 264
"../../../Engine/Content/EngineDebugMaterials/M_VolumeRenderSphereTracePP.uasset" 265
"../../../Engine/Content/Functions/Engine_MaterialFunctions01/Shading/ConvertFromDiffSpec.uasset" 266
"../../../Engine/Content/EngineDebugMaterials/VertexColorMaterial.uasset" 267
"../../../Engine/Content/EngineDebugMaterials/WireframeMaterial.uasset" 268
"../../../Engine/Content/EngineFonts/Faces/RobotoRegular.uasset" 269
"../../../Engine/Content/EngineFonts/Faces/RobotoLight.uasset" 270
"../../../Engine/Content/EngineFonts/Faces/RobotoItalic.uasset" 271
"../../../Engine/Content/EngineFonts/Faces/RobotoBoldItalic.uasset" 272
"../../../Engine/Content/EngineFonts/Faces/RobotoBold.uasset" 273
"../../../Engine/Content/EngineFonts/Faces/DroidSansFallback.uasset" 274
"../../../Engine/Content/EngineFonts/Roboto.uasset" 275
"../../../Engine/Content/EngineMaterials/BaseFlattenNormalMap.uasset" 276
"../../../Engine/Content/EngineMaterials/BaseFlattenGrayscaleMap.uasset" 277
"../../../Engine/Content/EngineMaterials/BaseFlattenEmissiveMap.uasset" 278
"../../../Engine/Content/EngineMaterials/BaseFlattenDiffuseMap.uasset" 279
"../../../Engine/Content/EngineMaterials/BaseFlattenMaterial.uasset" 280
"../../../Engine/Content/EngineMaterials/BlueNoise.uasset" 281
"../../../Engine/Content/EngineMaterials/DefaultBloomKernel.uasset" 282
"../../../Engine/Content/EngineMaterials/DefaultBokeh.uasset" 283
"../../../Engine/Content/EngineMaterials/DefaultDiffuse.uasset" 284
"../../../Engine/Content/EngineMaterials/DefaultDeferredDecalMaterial.uasset" 285
"../../../Engine/Content/EngineMaterials/DefaultLightFunctionMaterial.uasset" 286
"../../../Engine/Content/EngineMaterials/DefaultPhysicalMaterial.uasset" 287
"../../../Engine/Content/Functions/Engine_MaterialFunctions02/Utility/BreakOutFloat2Components.uasset" 288
"../../../Engine/Content/EngineMaterials/DefaultPostProcessMaterial.uasset" 289
"../../../Engine/Content/EngineFonts/RobotoDistanceField.uasset" 290
"../../../Engine/Content/EngineMaterials/DefaultTextMaterialOpaque.uasset" 291
"../../../Engine/Content/EngineMaterials/DefaultWhiteGrid.uasset" 292
"../../../Engine/Content/EngineMaterials/DefaultWhiteGrid_Low.uasset" 293
"../../../Engine/Content/EngineMaterials/EmissiveMeshMaterial.uasset" 294
"../../../Engine/Content/EngineMaterials/GizmoMaterial.uasset" 295
"../../../Engine/Content/EngineMaterials/Good64x64TilingNoiseHighFreq.uasset" 296
"../../../Engine/Content/EngineMaterials/MiniFont.uasset" 297
"../../../Engine/Content/EngineMaterials/InvalidLightmapSettings.uasset" 298
"../../../Engine/Content/EngineMaterials/M_InvalidLightmapSettings.uasset" 299
"../../../Engine/Content/Functions/Engine_MaterialFunctions02/WorldPositionOffset/CameraOffset.uasset" 300
"../../../Engine/Content/EngineMaterials/PhAT_JointLimitMaterial.uasset" 301
"../../../Engine/Content/EngineMaterials/PreintegratedSkinBRDF.uasset" 302
"../../../Engine/Content/EngineMaterials/RemoveSurfaceMaterial.uasset" 303
"../../../Engine/Content/EngineMaterials/WeightMapPlaceholderTexture.uasset" 304
"../../../Engine/Content/EngineResources/WhiteSquareTexture.uasset" 305
"../../../Engine/Content/EngineMaterials/Widget3DPassThrough.uasset" 306
"../../../Engine/Content/EngineMaterials/Widget3DPassThrough_Masked.uasset" 307
"../../../Engine/Content/EngineMaterials/Widget3DPassThrough_Opaque.uasset" 308
"../../../Engine/Content/EngineMaterials/Widget3DPassThrough_Masked_OneSided.uasset" 309
"../../../Engine/Content/EngineMaterials/Widget3DPassThrough_Opaque_OneSided.uasset" 310
"../../../Engine/Content/EngineMaterials/Widget3DPassThrough_Translucent.uasset" 311
"../../../Engine/Content/EngineMaterials/Widget3DPassThrough_Translucent_OneSided.uasset" 312
"../../../Engine/Content/EngineMeshes/Cylinder.uasset" 313
"../../../Engine/Content/EngineMeshes/Sphere.uasset" 314
"../../../Engine/Content/EngineResources/Black.uasset" 315
"../../../Engine/Content/EngineResources/DefaultTextureCube.uasset" 316
"../../../Engine/Content/EngineResources/DefaultVolumeTexture2D.uasset" 317
"../../../Engine/Content/EngineResources/DefaultVolumeTexture.uasset" 318
"../../../Engine/Content/EngineResources/GradientTexture0.uasset" 319
"../../../Engine/Content/EngineSky/VolumetricClouds/T_NoiseShape64.uasset" 320
"../../../Engine/Content/EngineSky/VolumetricClouds/T_VolumeNoiseShape64.uasset" 321
"../../../Engine/Content/EngineSky/VolumetricClouds/T_NoiseErosion.uasset" 322
"../../../Engine/Content/EngineSky/VolumetricClouds/T_VolumeNoiseErosion32.uasset" 323
"../../../Engine/Content/EngineSky/VolumetricClouds/CloudWeatherTexture.uasset" 324
"../../../Engine/Content/EngineSky/VolumetricClouds/CloudGradientTexture.uasset" 325
"../../../Engine/Content/Functions/Engine_MaterialFunctions02/Utility/MakeFloat2.uasset" 326
"../../../Engine/Content/EngineSky/VolumetricClouds/m_SimpleVolumetricCloud.uasset" 327
"../../../Engine/Content/EngineSky/VolumetricClouds/m_SimpleVolumetricCloud_Inst.uasset" 328
"../../../Engine/Content/EngineSounds/Master.uasset" 329
"../../../Engine/Content/Functions/Engine_MaterialFunctions01/Shading/PowerToRoughness.uasset" 330
"../../../Engine/Content/Maps/Templates/Thumbnails/Default.uasset" 331
"../../../Engine/Content/Maps/Templates/Thumbnails/TimeOfDay.uasset" 332
"../../../Engine/Content/Maps/Templates/Thumbnails/VR-Basic.uasset" 333
"../../../Engine/Content/MobileResources/T_MobileControls_texture.uasset" 334
"../../../Engine/Content/MobileResources/T_MobileMenu2.uasset" 335
"../../../Engine/Content/MobileResources/HUD/AnalogHat.uasset" 336
"../../../Engine/Content/MobileResources/HUD/VirtualJoystick_Thumb.uasset" 337
"../../../Engine/Content/MobileResources/HUD/VirtualJoystick_Background.uasset" 338
"../../../Engine/Content/MobileResources/HUD/DefaultVirtualJoysticks.uasset" 339
"../../../Engine/Content/MobileResources/HUD/LeftVirtualJoystickOnly.uasset" 340
"../../../Engine/Content/MobileResources/HUD/MobileHUDButton1_off.uasset" 341
"../../../Engine/Content/MobileResources/HUD/MobileHUDButton1_on.uasset" 342
"../../../Engine/Content/MobileResources/HUD/MobileHUDButton2_off.uasset" 343
"../../../Engine/Content/MobileResources/HUD/MobileHUDButton2_on.uasset" 344
"../../../Engine/Content/MobileResources/HUD/MobileHUDButton3.uasset" 345
"../../../Engine/Content/MobileResources/HUD/MobileHUDButtonFire.uasset" 346
"../../../Engine/Content/MobileResources/HUD/MobileHUDDirectionPad.uasset" 347
"../../../Engine/Content/MobileResources/HUD/MobileHUDDirectionPad2.uasset" 348
"../../../Engine/Content/MobileResources/HUD/MobileHUDDirectionPad3.uasset" 349
"../../../Engine/Content/MobileResources/HUD/MobileHUDDirectionStick.uasset" 350
"../../../Engine/Content/MobileResources/HUD/T_Castle_ThumbstickInner.uasset" 351
"../../../Engine/Content/MobileResources/HUD/T_Castle_ThumbstickOutter.uasset" 352
"../../../Engine/Content/Tutorial/ContentIntroCurve.uasset" 353
"../../../Engine/Content/Tutorial/Basics/LevelEditorAttract.uasset" 354
"../../../Engine/Content/VREditor/TransformGizmo/TranslucentTransformGizmoMaterial.uasset" 355
"../../../Engine/Content/VREditor/LaserPointer/VR_LaserPower_01.uasset" 356
"../../../Engine/Content/VREditor/TransformGizmo/TransformGizmoMaterial.uasset" 357
"../../../Engine/Content/VREditor/TransformGizmo/BoundingBoxCorner.uasset" 358
"../../../Engine/Content/VREditor/TransformGizmo/BoundingBoxEdge.uasset" 359
"../../../Engine/Content/VREditor/TransformGizmo/PlaneTranslationHandle.uasset" 360
"../../../Engine/Content/VREditor/TransformGizmo/Xray.uasset" 361
"../../../Engine/Content/VREditor/TransformGizmo/Main.uasset" 362
"../../../Engine/Content/VREditor/TransformGizmo/SM_Sequencer_Key.uasset" 363
"../../../Engine/Content/VREditor/TransformGizmo/SM_Sequencer_Node.uasset" 364
"../../Plugins/2D/Paper2D/Content/PlaceholderTextures/DummySpriteTexture.uasset" 365
"../../Plugins/2D/Paper2D/Content/DummySprite.uasset" 366
"../../Plugins/2D/Paper2D/Content/DefaultPaperTerrainMaterial.uasset" 367
"../../Plugins/2D/Paper2D/Content/DefaultSpriteMaterial.uasset" 368
"../../Plugins/2D/Paper2D/Content/MaskedUnlitSpriteMaterial.uasset" 369
"../../Plugins/2D/Paper2D/Content/OpaqueUnlitSpriteMaterial.uasset" 370
"../../../Engine/Content/Functions/Engine_MaterialFunctions02/ObjectLocalBounds.uasset" 371
"../../../Engine/Content/Functions/Engine_MaterialFunctions02/Utility/BreakOutFloat3Components.uasset" 372
"../../Plugins/Editor/SpeedTreeImporter/Content/SpeedTree9/game_wind_noise.uasset" 373
"../../../Engine/Content/Functions/Engine_MaterialFunctions02/SafeNormalize.uasset" 374
"../../Plugins/Editor/SpeedTreeImporter/Content/SpeedTree9/SpeedTreeWindMotion.uasset" 375
"../../Plugins/Editor/SpeedTreeImporter/Content/SpeedTree9/UnpackInteger3.uasset" 376
"../../Plugins/Editor/SpeedTreeImporter/Content/SpeedTree9/UnpackDirection.uasset" 377
"../../Plugins/Editor/SpeedTreeImporter/Content/SpeedTree9/SpeedTreeBranchMotion.uasset" 378
"../../../Engine/Content/Functions/Engine_MaterialFunctions02/UVs/BoundingBoxBased_0-1_UVW.uasset" 379
"../../Plugins/Editor/SpeedTreeImporter/Content/SpeedTree9/SpeedTreeWind.uasset" 380
"../../Plugins/Editor/SpeedTreeImporter/Content/SpeedTree9/SpeedTreeBillboard.uasset" 381
"../../../Engine/Content/EngineResources/DefaultTexture.uasset" 382
"../../Plugins/Editor/SpeedTreeImporter/Content/SpeedTree9/SpeedTreeBillboardMaster.uasset" 383
"../../Plugins/Editor/SpeedTreeImporter/Content/SpeedTree9/SpeedTreeCameraFacing.uasset" 384
"../../Plugins/Editor/SpeedTreeImporter/Content/SpeedTree9/SpeedTreeMaster.uasset" 385
"../../../Engine/Content/BasicShapes/Cylinder.uasset" 386
"../../../Engine/Content/ArtTools/RenderToTexture/Materials/Debug/M_Emissive_Color.uasset" 387
"../../Plugins/Lumin/MagicLeapPassableWorld/Content/MagicLeapARPinInfoActor.uasset" 388
"../../../Engine/Content/Functions/Engine_MaterialFunctions02/Utility/BreakOutFloat4Components.uasset" 389
"../../../Engine/Content/Functions/Engine_MaterialFunctions02/Utility/MakeFloat3.uasset" 390
"../../Plugins/Runtime/Oculus/OculusVR/Content/Materials/OculusMR_ChromaKey.uasset" 391
"../../Plugins/Runtime/Oculus/OculusVR/Content/Materials/OculusMR_OpaqueColoredMaterial.uasset" 392
"../../Plugins/Runtime/Oculus/OculusVR/Content/Materials/PokeAHoleMaterial.uasset" 393
"../../../../../UnrealProjects/YatsenkoAM_0302_2023/Content/Downloads/AnimStarterPack/UE4_Mannequin/Mesh/SK_Mannequin_PhysicsAsset.uasset" 394
"../../../../../UnrealProjects/YatsenkoAM_0302_2023/Content/Downloads/AnimStarterPack/UE4_Mannequin/Textures/UE4Man_Logo_N.uasset" 395
"../../../../../UnrealProjects/YatsenkoAM_0302_2023/Content/Downloads/AnimStarterPack/UE4_Mannequin/Textures/UE4_Mannequin_occlusion_Mobile.uasset" 396
"../../../../../UnrealProjects/YatsenkoAM_0302_2023/Content/Downloads/AnimStarterPack/UE4_Mannequin/Textures/UE4_Mannequin_MAT_MASKA.uasset" 397
"../../../../../UnrealProjects/YatsenkoAM_0302_2023/Content/Downloads/AnimStarterPack/UE4_Mannequin/Textures/UE4_Mannequin__normals.uasset" 398
"../../../../../UnrealProjects/YatsenkoAM_0302_2023/Content/Downloads/AnimStarterPack/UE4_Mannequin/Textures/UE4_LOGO_CARD.uasset" 399
"../../../../../UnrealProjects/YatsenkoAM_0302_2023/Content/Downloads/AnimStarterPack/UE4_Mannequin/Materials/MaterialLayers/T_ML_Rubber_Blue_01_N.uasset" 400
"../../../../../UnrealProjects/YatsenkoAM_0302_2023/Content/Downloads/AnimStarterPack/UE4_Mannequin/Materials/MaterialLayers/T_ML_Rubber_Blue_01_D.uasset" 401
"../../../../../UnrealProjects/YatsenkoAM_0302_2023/Content/Downloads/AnimStarterPack/UE4_Mannequin/Materials/MaterialLayers/T_ML_Aluminum01_N.uasset" 402
"../../../../../UnrealProjects/YatsenkoAM_0302_2023/Content/Downloads/AnimStarterPack/UE4_Mannequin/Materials/MaterialLayers/T_ML_Aluminum01.uasset" 403
"../../../../../UnrealProjects/YatsenkoAM_0302_2023/Content/Downloads/AnimStarterPack/UE4_Mannequin/Materials/MaterialLayers/ML_SoftMetal_UE4.uasset" 404
"../../../../../UnrealProjects/YatsenkoAM_0302_2023/Content/Downloads/AnimStarterPack/UE4_Mannequin/Materials/MaterialLayers/ML_Plastic_Shiny_Beige_LOGO.uasset" 405
"../../../../../UnrealProjects/YatsenkoAM_0302_2023/Content/Downloads/AnimStarterPack/UE4_Mannequin/Materials/MaterialLayers/ML_Plastic_Shiny_Beige.uasset" 406
"../../../../../UnrealProjects/YatsenkoAM_0302_2023/Content/Downloads/AnimStarterPack/UE4_Mannequin/Materials/MaterialLayers/ML_GlossyBlack_Latex_UE4.uasset" 407
"../../../Engine/Content/Functions/MaterialLayerFunctions/MatLayerBlend_AO.uasset" 408
"../../../../../UnrealProjects/YatsenkoAM_0302_2023/Content/Downloads/AnimStarterPack/UE4_Mannequin/Materials/M_UE4Man_Body.uasset" 409
"../../../../../UnrealProjects/YatsenkoAM_0302_2023/Content/Downloads/AnimStarterPack/UE4_Mannequin/Materials/M_UE4Man_ChestLogo.uasset" 410
"../../../../../UnrealProjects/YatsenkoAM_0302_2023/Content/Downloads/AnimStarterPack/UE4_Mannequin/Mesh/SK_Mannequin.uasset" 411
"../../../Engine/Content/EngineSky/T_Sky_Stars.uasset" 412
"../../../Engine/Content/EngineSky/T_Sky_Clouds_M.uasset" 413
"../../../Engine/Content/EngineSky/T_Sky_Blue.uasset" 414
"../../../Engine/Content/TemplateResources/M_Template_Master.uasset" 415
"../../../Engine/Content/TemplateResources/MI_Template_BaseGray_03_Metal.uasset" 416
"../../../Engine/Content/EngineSky/M_Sky_Panning_Clouds2.uasset" 417
"../../../Engine/Content/EngineSky/SM_SkySphere.uasset" 418
"../../../Engine/Content/EngineSky/C_Sky_Zenith_Color.uasset" 419
"../../../Engine/Content/EngineSky/C_Sky_Horizon_Color.uasset" 420
"../../../Engine/Content/EngineSky/C_Sky_Cloud_Color.uasset" 421
"../../../Engine/Content/EngineSky/BP_Sky_Sphere.uasset" 422
"../../../../../UnrealProjects/YatsenkoAM_0302_2023/Content/Downloads/AnimStarterPack/Walk_Fwd_Rifle_Ironsights.uasset" 423
"../../../../../UnrealProjects/YatsenkoAM_0302_2023/Content/Downloads/AnimStarterPack/Reload_Rifle_Hip.uasset" 424
"../../../../../UnrealProjects/YatsenkoAM_0302_2023/Content/Downloads/AnimStarterPack/Idle_Rifle_Hip_Break2.uasset" 425
"../../../../../UnrealProjects/YatsenkoAM_0302_2023/Content/Downloads/AnimStarterPack/Idle_Rifle_Hip_Break1.uasset" 426
"../../../../../UnrealProjects/YatsenkoAM_0302_2023/Content/Downloads/AnimStarterPack/Hit_React_3.uasset" 427
"../../../../../UnrealProjects/YatsenkoAM_0302_2023/Content/Downloads/AnimStarterPack/Hit_React_2.uasset" 428
"../../../../../UnrealProjects/YatsenkoAM_0302_2023/Content/Downloads/AnimStarterPack/Hit_React_1.uasset" 429
"../../../../../UnrealProjects/YatsenkoAM_0302_2023/Content/Downloads/AnimStarterPack/Fire_Rifle_Ironsights.uasset" 430
"../../../../../UnrealProjects/YatsenkoAM_0302_2023/Content/Downloads/AnimStarterPack/Equip_Pistol_Standing.uasset" 431
"../../../../../UnrealProjects/YatsenkoAM_0302_2023/Content/Downloads/AnimStarterPack/Crouch_Walk_Fwd_Rifle_Ironsights.uasset" 432
"../../../../../UnrealProjects/YatsenkoAM_0302_2023/Content/Downloads/AnimStarterPack/Crouch_Idle_Rifle_Ironsights.uasset" 433
"../../../../../UnrealProjects/YatsenkoAM_0302_2023/Content/Downloads/AnimStarterPack/Crouch_Idle_Rifle_Hip.uasset" 434
"../../../../../UnrealProjects/YatsenkoAM_0302_2023/Content/Downloads/AnimStarterPack/Showcase.umap" 435
"../../../../../UnrealProjects/YatsenkoAM_0302_2023/Content/Downloads/StarterContent/Geometry/Meshes/1M_Cube.uasset" 436
"../../../Engine/Content/Functions/Engine_MaterialFunctions03/Procedurals/ComputeFilterWidth.uasset" 437
"../../../Engine/Content/EngineMaterials/AntiAliasedTextMaterialTranslucent.uasset" 438
"../../../../../UnrealProjects/YatsenkoAM_0302_2023/Content/Downloads/FirstPerson/Meshes/CubeMaterialOverride.uasset" 439
"../../../../../UnrealProjects/YatsenkoAM_0302_2023/Content/Downloads/FirstPersonBP/Maps/FirstPersonExampleMap.umap" 440
"../../../Engine/Content/EditorMeshes/ColorCalibrator/M_GreyBall.uasset" 441
"../../../Engine/Content/EditorMeshes/ColorCalibrator/Color_checker.uasset" 442
"../../../Engine/Content/EditorMeshes/ColorCalibrator/M_ColorGrid.uasset" 443
"../../../Engine/Content/EditorMeshes/ColorCalibrator/M_ClearCoatBlack.uasset" 444
"../../../Engine/Content/EditorMeshes/ColorCalibrator/M_ClearCoat.uasset" 445
"../../../Engine/Content/EditorMeshes/ColorCalibrator/M_ChromeBall.uasset" 446
"../../../Engine/Content/EditorMeshes/ColorCalibrator/SM_ColorCalibrator.uasset" 447
"../../../../../UnrealProjects/YatsenkoAM_0302_2023/Content/Downloads/StarterContent/Maps/Advanced_Lighting_BuiltData.uasset" 448
"../../../Engine/Content/MapTemplates/Sky/DaylightAmbientCubemap.uasset" 449
"../../../../../UnrealProjects/YatsenkoAM_0302_2023/Content/Downloads/StarterContent/HDRI/HDRI_Epic_Courtyard_Daylight.uasset" 450
"../../../../../UnrealProjects/YatsenkoAM_0302_2023/Content/Downloads/StarterContent/Blueprints/Assets/M_LightStage_Skybox_Master.uasset" 451
"../../../../../UnrealProjects/YatsenkoAM_0302_2023/Content/Downloads/StarterContent/Blueprints/Assets/M_LightStage_Skybox_HDRI.uasset" 452
"../../../../../UnrealProjects/YatsenkoAM_0302_2023/Content/Downloads/StarterContent/Blueprints/Assets/M_LightStage_Arrows.uasset" 453
"../../../../../UnrealProjects/YatsenkoAM_0302_2023/Content/Downloads/StarterContent/Blueprints/Assets/SM_Arrows.uasset" 454
"../../../Engine/Content/EditorMaterials/Thumbnails/SkySphereMaterial.uasset" 455
"../../../../../UnrealProjects/YatsenkoAM_0302_2023/Content/Downloads/StarterContent/Blueprints/Assets/Skybox.uasset" 456
"../../../../../UnrealProjects/YatsenkoAM_0302_2023/Content/Downloads/StarterContent/Blueprints/Assets/M_LightStage_Skybox_Black.uasset" 457
"../../../../../UnrealProjects/YatsenkoAM_0302_2023/Content/Downloads/StarterContent/Blueprints/Assets/SunlightColorLUT.uasset" 458
"../../../../../UnrealProjects/YatsenkoAM_0302_2023/Content/Downloads/StarterContent/Blueprints/Assets/FogBrightnessLUT.uasset" 459
"../../../../../UnrealProjects/YatsenkoAM_0302_2023/Content/Downloads/StarterContent/Blueprints/BP_LightStudio.uasset" 460
"../../../../../UnrealProjects/YatsenkoAM_0302_2023/Content/Downloads/StarterContent/Materials/M_AssetPlatform.uasset" 461
"../../../../../UnrealProjects/YatsenkoAM_0302_2023/Content/Downloads/StarterContent/Architecture/SM_AssetPlatform.uasset" 462
"../../../../../UnrealProjects/YatsenkoAM_0302_2023/Content/Downloads/StarterContent/Maps/Advanced_Lighting.umap" 463
"../../../../../UnrealProjects/YatsenkoAM_0302_2023/Content/Downloads/StarterContent/Textures/T_TableRound_N.uasset" 464
"../../../../../UnrealProjects/YatsenkoAM_0302_2023/Content/Downloads/StarterContent/Textures/T_TableRound_M.uasset" 465
"../../../../../UnrealProjects/YatsenkoAM_0302_2023/Content/Downloads/StarterContent/Props/Materials/M_TableRound.uasset" 466
"../../../../../UnrealProjects/YatsenkoAM_0302_2023/Content/Downloads/StarterContent/Props/SM_TableRound.uasset" 467
"../../../../../UnrealProjects/YatsenkoAM_0302_2023/Content/Downloads/StarterContent/Textures/T_Statue_N.uasset" 468
"../../../../../UnrealProjects/YatsenkoAM_0302_2023/Content/Downloads/StarterContent/Textures/T_Statue_M.uasset" 469
"../../../../../UnrealProjects/YatsenkoAM_0302_2023/Content/Downloads/StarterContent/Props/Materials/M_Statue.uasset" 470
"../../../../../UnrealProjects/YatsenkoAM_0302_2023/Content/Downloads/StarterContent/Props/Materials/M_StatueGlass.uasset" 471
"../../../../../UnrealProjects/YatsenkoAM_0302_2023/Content/Downloads/StarterContent/Props/SM_Statue.uasset" 472
"../../../../../UnrealProjects/YatsenkoAM_0302_2023/Content/Downloads/StarterContent/Props/SM_Chair.uasset" 473
"../../../../../UnrealProjects/YatsenkoAM_0302_2023/Content/Downloads/StarterContent/Textures/T_MacroVariation.uasset" 474
"../../../../../UnrealProjects/YatsenkoAM_0302_2023/Content/Downloads/StarterContent/Textures/T_Metal_Copper_D.uasset" 475
"../../../../../UnrealProjects/YatsenkoAM_0302_2023/Content/Downloads/StarterContent/Textures/T_Metal_Gold_N.uasset" 476
"../../../../../UnrealProjects/YatsenkoAM_0302_2023/Content/Downloads/StarterContent/Materials/M_Metal_Copper.uasset" 477
"../../../../../UnrealProjects/YatsenkoAM_0302_2023/Content/Downloads/StarterContent/Textures/T_Metal_Aluminum_D.uasset" 478
"../../../../../UnrealProjects/YatsenkoAM_0302_2023/Content/Downloads/StarterContent/Materials/M_Metal_Burnished_Steel.uasset" 479
"../../../../../UnrealProjects/YatsenkoAM_0302_2023/Content/Downloads/StarterContent/Materials/M_Metal_Brushed_Nickel.uasset" 480
"../../../../../UnrealProjects/YatsenkoAM_0302_2023/Content/Downloads/StarterContent/Maps/Minimal_Default_BuiltData.uasset" 481
"../../../../../UnrealProjects/YatsenkoAM_0302_2023/Content/Downloads/StarterContent/Audio/Starter_Wind06.uasset" 482
"../../../../../UnrealProjects/YatsenkoAM_0302_2023/Content/Downloads/StarterContent/Audio/Starter_Wind05.uasset" 483
"../../../../../UnrealProjects/YatsenkoAM_0302_2023/Content/Downloads/StarterContent/Audio/Starter_Birds01.uasset" 484
"../../../../../UnrealProjects/YatsenkoAM_0302_2023/Content/Downloads/StarterContent/Audio/Starter_Background_Cue.uasset" 485
"../../../../../UnrealProjects/YatsenkoAM_0302_2023/Content/Downloads/StarterContent/Architecture/Floor_400x400.uasset" 486
"../../../../../UnrealProjects/YatsenkoAM_0302_2023/Content/Downloads/StarterContent/Maps/Minimal_Default.umap" 487
"../../../../../UnrealProjects/YatsenkoAM_0302_2023/Content/Downloads/StarterContent/Shapes/Shape_Sphere.uasset" 488
"../../../../../UnrealProjects/YatsenkoAM_0302_2023/Content/Downloads/StarterContent/Shapes/Shape_QuadPyramid.uasset" 489
"../../../../../UnrealProjects/YatsenkoAM_0302_2023/Content/Downloads/StarterContent/Shapes/Shape_Cube.uasset" 490
"../../../../../UnrealProjects/YatsenkoAM_0302_2023/Content/Downloads/StarterContent/Textures/T_Frame_N.uasset" 491
"../../../../../UnrealProjects/YatsenkoAM_0302_2023/Content/Downloads/StarterContent/Textures/T_Frame_M.uasset" 492
"../../../../../UnrealProjects/YatsenkoAM_0302_2023/Content/Downloads/StarterContent/Props/Materials/M_Frame.uasset" 493
"../../../../../UnrealProjects/YatsenkoAM_0302_2023/Content/Downloads/StarterContent/Props/SM_WindowFrame.uasset" 494
"../../../../../UnrealProjects/YatsenkoAM_0302_2023/Content/Downloads/StarterContent/Props/SM_PillarFrame300.uasset" 495
"../../../../../UnrealProjects/YatsenkoAM_0302_2023/Content/Downloads/StarterContent/Props/SM_PillarFrame.uasset" 496
"../../../../../UnrealProjects/YatsenkoAM_0302_2023/Content/Downloads/StarterContent/Props/SM_GlassWindow.uasset" 497
"../../../../../UnrealProjects/YatsenkoAM_0302_2023/Content/Downloads/StarterContent/Props/SM_DoorFrame.uasset" 498
"../../../../../UnrealProjects/YatsenkoAM_0302_2023/Content/Downloads/StarterContent/Props/SM_CornerFrame.uasset" 499
"../../../../../UnrealProjects/YatsenkoAM_0302_2023/Content/Downloads/StarterContent/Props/MaterialSphere.uasset" 500
"../../../../../UnrealProjects/YatsenkoAM_0302_2023/Content/Downloads/StarterContent/Textures/T_Dust_Particle_D.uasset" 501
"../../../../../UnrealProjects/YatsenkoAM_0302_2023/Content/Downloads/StarterContent/Particles/Materials/M_Dust_Particle.uasset" 502
"../../../../../UnrealProjects/YatsenkoAM_0302_2023/Content/Downloads/StarterContent/Particles/P_Ambient_Dust.uasset" 503
"../../../../../UnrealProjects/YatsenkoAM_0302_2023/Content/Downloads/StarterContent/Textures/T_Wood_Walnut_N.uasset" 504
"../../../../../UnrealProjects/YatsenkoAM_0302_2023/Content/Downloads/StarterContent/Textures/T_Wood_Walnut_D.uasset" 505
"../../../../../UnrealProjects/YatsenkoAM_0302_2023/Content/Downloads/StarterContent/Materials/M_Wood_Walnut.uasset" 506
"../../../../../UnrealProjects/YatsenkoAM_0302_2023/Content/Downloads/StarterContent/Textures/T_Perlin_Noise_M.uasset" 507
"../../../../../UnrealProjects/YatsenkoAM_0302_2023/Content/Downloads/StarterContent/Textures/T_Wood_Pine_N.uasset" 508
"../../../../../UnrealProjects/YatsenkoAM_0302_2023/Content/Downloads/StarterContent/Textures/T_Wood_Pine_D.uasset" 509
"../../../../../UnrealProjects/YatsenkoAM_0302_2023/Content/Downloads/StarterContent/Materials/M_Wood_Pine.uasset" 510
"../../../../../UnrealProjects/YatsenkoAM_0302_2023/Content/Downloads/StarterContent/Textures/T_Wood_Oak_N.uasset" 511
"../../../../../UnrealProjects/YatsenkoAM_0302_2023/Content/Downloads/StarterContent/Textures/T_Wood_Oak_D.uasset" 512
"../../../../../UnrealProjects/YatsenkoAM_0302_2023/Content/Downloads/StarterContent/Materials/M_Wood_Oak.uasset" 513
"../../../Engine/Content/Functions/Engine_MaterialFunctions01/Opacity/AlphaOffset.uasset" 514
"../../../../../UnrealProjects/YatsenkoAM_0302_2023/Content/Downloads/StarterContent/Textures/T_Wood_Floor_Walnut_N.uasset" 515
"../../../../../UnrealProjects/YatsenkoAM_0302_2023/Content/Downloads/StarterContent/Textures/T_Wood_Floor_Walnut_M.uasset" 516
"../../../../../UnrealProjects/YatsenkoAM_0302_2023/Content/Downloads/StarterContent/Textures/T_Wood_Floor_Walnut_D.uasset" 517
"../../../../../UnrealProjects/YatsenkoAM_0302_2023/Content/Downloads/StarterContent/Materials/M_Wood_Floor_Walnut_Worn.uasset" 518
"../../../../../UnrealProjects/YatsenkoAM_0302_2023/Content/Downloads/StarterContent/Materials/M_Wood_Floor_Walnut_Polished.uasset" 519
"../../../../../UnrealProjects/YatsenkoAM_0302_2023/Content/Downloads/StarterContent/Textures/T_Water_M.uasset" 520
"../../../../../UnrealProjects/YatsenkoAM_0302_2023/Content/Downloads/StarterContent/Textures/T_Water_N.uasset" 521
"../../../../../UnrealProjects/YatsenkoAM_0302_2023/Content/Downloads/StarterContent/Materials/M_Water_Ocean.uasset" 522
"../../../../../UnrealProjects/YatsenkoAM_0302_2023/Content/Downloads/StarterContent/Materials/M_Water_Lake.uasset" 523
"../../../../../UnrealProjects/YatsenkoAM_0302_2023/Content/Downloads/StarterContent/Textures/T_Tech_Panel_N.uasset" 524
"../../../../../UnrealProjects/YatsenkoAM_0302_2023/Content/Downloads/StarterContent/Textures/T_Tech_Panel_M.uasset" 525
"../../../../../UnrealProjects/YatsenkoAM_0302_2023/Content/Downloads/StarterContent/Textures/T_Metal_Steel_D.uasset" 526
"../../../../../UnrealProjects/YatsenkoAM_0302_2023/Content/Downloads/StarterContent/Materials/M_Tech_Panel.uasset" 527
"../../../../../UnrealProjects/YatsenkoAM_0302_2023/Content/Downloads/StarterContent/Textures/T_Tech_Hex_Tile_N.uasset" 528
"../../../../../UnrealProjects/YatsenkoAM_0302_2023/Content/Downloads/StarterContent/Textures/T_Tech_Hex_Tile_M.uasset" 529
"../../../../../UnrealProjects/YatsenkoAM_0302_2023/Content/Downloads/StarterContent/Materials/M_Tech_Hex_Tile_Pulse.uasset" 530
"../../../../../UnrealProjects/YatsenkoAM_0302_2023/Content/Downloads/StarterContent/Materials/M_Tech_Hex_Tile.uasset" 531
"../../../../../UnrealProjects/YatsenkoAM_0302_2023/Content/Downloads/StarterContent/Textures/T_Tech_Dot_N.uasset" 532
"../../../../../UnrealProjects/YatsenkoAM_0302_2023/Content/Downloads/StarterContent/Textures/T_Tech_Dot_M.uasset" 533
"../../../../../UnrealProjects/YatsenkoAM_0302_2023/Content/Downloads/StarterContent/Textures/T_Single_Tile_N.uasset" 534
"../../../../../UnrealProjects/YatsenkoAM_0302_2023/Content/Downloads/StarterContent/Textures/T_Checker_Noise_M.uasset" 535
"../../../../../UnrealProjects/YatsenkoAM_0302_2023/Content/Downloads/StarterContent/Materials/M_Tech_Checker_Dot.uasset" 536
"../../../../../UnrealProjects/YatsenkoAM_0302_2023/Content/Downloads/StarterContent/Textures/T_Rock_Slate_N.uasset" 537
"../../../../../UnrealProjects/YatsenkoAM_0302_2023/Content/Downloads/StarterContent/Textures/T_Rock_Slate_D.uasset" 538
"../../../../../UnrealProjects/YatsenkoAM_0302_2023/Content/Downloads/StarterContent/Materials/M_Rock_Slate.uasset" 539
"../../../../../UnrealProjects/YatsenkoAM_0302_2023/Content/Downloads/StarterContent/Textures/T_Rock_Sandstone_N.uasset" 540
"../../../../../UnrealProjects/YatsenkoAM_0302_2023/Content/Downloads/StarterContent/Textures/T_Rock_Sandstone_D.uasset" 541
"../../../../../UnrealProjects/YatsenkoAM_0302_2023/Content/Downloads/StarterContent/Materials/M_Rock_Sandstone.uasset" 542
"../../../../../UnrealProjects/YatsenkoAM_0302_2023/Content/Downloads/StarterContent/Textures/T_Rock_Marble_Polished_D.uasset" 543
"../../../../../UnrealProjects/YatsenkoAM_0302_2023/Content/Downloads/StarterContent/Materials/M_Rock_Marble_Polished.uasset" 544
"../../../../../UnrealProjects/YatsenkoAM_0302_2023/Content/Downloads/StarterContent/Textures/T_Rock_Basalt_N.uasset" 545
"../../../../../UnrealProjects/YatsenkoAM_0302_2023/Content/Downloads/StarterContent/Materials/M_Rock_Basalt.uasset" 546
"../../../../../UnrealProjects/YatsenkoAM_0302_2023/Content/Downloads/StarterContent/Textures/T_Metal_Steel_N.uasset" 547
"../../../../../UnrealProjects/YatsenkoAM_0302_2023/Content/Downloads/StarterContent/Materials/M_Metal_Steel.uasset" 548
"../../../../../UnrealProjects/YatsenkoAM_0302_2023/Content/Downloads/StarterContent/Textures/T_Metal_Rust_N.uasset" 549
"../../../../../UnrealProjects/YatsenkoAM_0302_2023/Content/Downloads/StarterContent/Textures/T_Metal_Rust_D.uasset" 550
"../../../../../UnrealProjects/YatsenkoAM_0302_2023/Content/Downloads/StarterContent/Materials/M_Metal_Rust.uasset" 551
"../../../../../UnrealProjects/YatsenkoAM_0302_2023/Content/Downloads/StarterContent/Textures/T_Metal_Gold_D.uasset" 552
"../../../../../UnrealProjects/YatsenkoAM_0302_2023/Content/Downloads/StarterContent/Materials/M_Metal_Gold.uasset" 553
"../../../../../UnrealProjects/YatsenkoAM_0302_2023/Content/Downloads/StarterContent/Materials/M_Metal_Chrome.uasset" 554
"../../../../../UnrealProjects/YatsenkoAM_0302_2023/Content/Downloads/StarterContent/Textures/T_Ground_Moss_N.uasset" 555
"../../../../../UnrealProjects/YatsenkoAM_0302_2023/Content/Downloads/StarterContent/Textures/T_ground_Moss_D.uasset" 556
"../../../../../UnrealProjects/YatsenkoAM_0302_2023/Content/Downloads/StarterContent/Materials/M_Ground_Moss.uasset" 557
"../../../../../UnrealProjects/YatsenkoAM_0302_2023/Content/Downloads/StarterContent/Textures/T_Ground_Gravel_N.uasset" 558
"../../../../../UnrealProjects/YatsenkoAM_0302_2023/Content/Downloads/StarterContent/Textures/T_Ground_Gravel_D.uasset" 559
"../../../../../UnrealProjects/YatsenkoAM_0302_2023/Content/Downloads/StarterContent/Materials/M_Ground_Gravel.uasset" 560
"../../../../../UnrealProjects/YatsenkoAM_0302_2023/Content/Downloads/StarterContent/Textures/T_Ground_Grass_D.uasset" 561
"../../../../../UnrealProjects/YatsenkoAM_0302_2023/Content/Downloads/StarterContent/Textures/T_Ground_Grass_N.uasset" 562
"../../../../../UnrealProjects/YatsenkoAM_0302_2023/Content/Downloads/StarterContent/Materials/M_Ground_Grass.uasset" 563
"../../../../../UnrealProjects/YatsenkoAM_0302_2023/Content/Downloads/StarterContent/Textures/T_Concrete_Tiles_Variation_M.uasset" 564
"../../../../../UnrealProjects/YatsenkoAM_0302_2023/Content/Downloads/StarterContent/Textures/T_Concrete_Tiles_N.uasset" 565
"../../../../../UnrealProjects/YatsenkoAM_0302_2023/Content/Downloads/StarterContent/Textures/T_Concrete_Tiles_M.uasset" 566
"../../../../../UnrealProjects/YatsenkoAM_0302_2023/Content/Downloads/StarterContent/Textures/T_Concrete_Tiles_D.uasset" 567
"../../../../../UnrealProjects/YatsenkoAM_0302_2023/Content/Downloads/StarterContent/Materials/M_Concrete_Tiles.uasset" 568
"../../../../../UnrealProjects/YatsenkoAM_0302_2023/Content/Downloads/StarterContent/Textures/T_Concrete_Poured_N.uasset" 569
"../../../../../UnrealProjects/YatsenkoAM_0302_2023/Content/Downloads/StarterContent/Textures/T_Concrete_Poured_D.uasset" 570
"../../../../../UnrealProjects/YatsenkoAM_0302_2023/Content/Downloads/StarterContent/Materials/M_Concrete_Poured.uasset" 571
"../../../../../UnrealProjects/YatsenkoAM_0302_2023/Content/Downloads/StarterContent/Textures/T_Concrete_Grime_D.uasset" 572
"../../../../../UnrealProjects/YatsenkoAM_0302_2023/Content/Downloads/StarterContent/Materials/M_Concrete_Grime.uasset" 573
"../../../../../UnrealProjects/YatsenkoAM_0302_2023/Content/Downloads/StarterContent/Textures/T_CobbleStone_Smooth_N.uasset" 574
"../../../../../UnrealProjects/YatsenkoAM_0302_2023/Content/Downloads/StarterContent/Textures/T_CobbleStone_Smooth_M.uasset" 575
"../../../../../UnrealProjects/YatsenkoAM_0302_2023/Content/Downloads/StarterContent/Textures/T_CobbleStone_Smooth_D.uasset" 576
"../../../../../UnrealProjects/YatsenkoAM_0302_2023/Content/Downloads/StarterContent/Textures/T_Rock_Smooth_Granite_D.uasset" 577
"../../../../../UnrealProjects/YatsenkoAM_0302_2023/Content/Downloads/StarterContent/Textures/T_Gradinet_01.uasset" 578
"../../../../../UnrealProjects/YatsenkoAM_0302_2023/Content/Downloads/StarterContent/Materials/M_CobbleStone_Smooth.uasset" 579
"../../../../../UnrealProjects/YatsenkoAM_0302_2023/Content/Downloads/StarterContent/Textures/T_CobbleStone_Rough_N.uasset" 580
"../../../../../UnrealProjects/YatsenkoAM_0302_2023/Content/Downloads/StarterContent/Textures/T_CobbleStone_Rough_D.uasset" 581
"../../../../../UnrealProjects/YatsenkoAM_0302_2023/Content/Downloads/StarterContent/Materials/M_CobbleStone_Rough.uasset" 582
"../../../../../UnrealProjects/YatsenkoAM_0302_2023/Content/Downloads/StarterContent/Textures/T_CobbleStone_Pebble_N.uasset" 583
"../../../../../UnrealProjects/YatsenkoAM_0302_2023/Content/Downloads/StarterContent/Textures/T_CobbleStone_Pebble_M.uasset" 584
"../../../../../UnrealProjects/YatsenkoAM_0302_2023/Content/Downloads/StarterContent/Textures/T_CobbleStone_Pebble_D.uasset" 585
"../../../../../UnrealProjects/YatsenkoAM_0302_2023/Content/Downloads/StarterContent/Materials/M_CobbleStone_Pebble.uasset" 586
"../../../../../UnrealProjects/YatsenkoAM_0302_2023/Content/Downloads/StarterContent/Textures/T_Ceramic_Tile_N.uasset" 587
"../../../../../UnrealProjects/YatsenkoAM_0302_2023/Content/Downloads/StarterContent/Textures/T_Ceramic_Tile_M.uasset" 588
"../../../../../UnrealProjects/YatsenkoAM_0302_2023/Content/Downloads/StarterContent/Materials/M_Ceramic_Tile_Checker.uasset" 589
"../../../../../UnrealProjects/YatsenkoAM_0302_2023/Content/Downloads/StarterContent/Textures/T_Brick_Hewn_Stone_N.uasset" 590
"../../../../../UnrealProjects/YatsenkoAM_0302_2023/Content/Downloads/StarterContent/Textures/T_Brick_Hewn_Stone_M.uasset" 591
"../../../../../UnrealProjects/YatsenkoAM_0302_2023/Content/Downloads/StarterContent/Textures/T_Brick_Hewn_Stone_D.uasset" 592
"../../../../../UnrealProjects/YatsenkoAM_0302_2023/Content/Downloads/StarterContent/Materials/M_Brick_Hewn_Stone.uasset" 593
"../../../../../UnrealProjects/YatsenkoAM_0302_2023/Content/Downloads/StarterContent/Textures/T_Brick_Cut_Stone_N.uasset" 594
"../../../../../UnrealProjects/YatsenkoAM_0302_2023/Content/Downloads/StarterContent/Textures/T_Brick_Cut_Stone_D.uasset" 595
"../../../../../UnrealProjects/YatsenkoAM_0302_2023/Content/Downloads/StarterContent/Materials/M_Brick_Cut_Stone.uasset" 596
"../../../../../UnrealProjects/YatsenkoAM_0302_2023/Content/Downloads/StarterContent/Textures/T_Brick_Clay_Old_N.uasset" 597
"../../../../../UnrealProjects/YatsenkoAM_0302_2023/Content/Downloads/StarterContent/Textures/T_Brick_Clay_Old_D.uasset" 598
"../../../../../UnrealProjects/YatsenkoAM_0302_2023/Content/Downloads/StarterContent/Materials/M_Brick_Clay_Old.uasset" 599
"../../../../../UnrealProjects/YatsenkoAM_0302_2023/Content/Downloads/StarterContent/Textures/T_Brick_Clay_New_N.uasset" 600
"../../../../../UnrealProjects/YatsenkoAM_0302_2023/Content/Downloads/StarterContent/Textures/T_Brick_Clay_New_M.uasset" 601
"../../../../../UnrealProjects/YatsenkoAM_0302_2023/Content/Downloads/StarterContent/Textures/T_Brick_Clay_New_D.uasset" 602
"../../../../../UnrealProjects/YatsenkoAM_0302_2023/Content/Downloads/StarterContent/Materials/M_Brick_Clay_New.uasset" 603
"../../../../../UnrealProjects/YatsenkoAM_0302_2023/Content/Downloads/StarterContent/Textures/T_Brick_Clay_Beveled_N.uasset" 604
"../../../../../UnrealProjects/YatsenkoAM_0302_2023/Content/Downloads/StarterContent/Textures/T_Brick_Clay_Beveled_M.uasset" 605
"../../../../../UnrealProjects/YatsenkoAM_0302_2023/Content/Downloads/StarterContent/Textures/T_Brick_Clay_Beveled_D.uasset" 606
"../../../../../UnrealProjects/YatsenkoAM_0302_2023/Content/Downloads/StarterContent/Materials/M_Brick_Clay_Beveled.uasset" 607
"../../../../../UnrealProjects/YatsenkoAM_0302_2023/Content/Downloads/StarterContent/Maps/StarterMap_BuiltData.uasset" 608
"../../../../../UnrealProjects/YatsenkoAM_0302_2023/Content/Downloads/StarterContent/Textures/T_Concrete_Panels_N.uasset" 609
"../../../../../UnrealProjects/YatsenkoAM_0302_2023/Content/Downloads/StarterContent/Textures/T_Concrete_Panels_D.uasset" 610
"../../../../../UnrealProjects/YatsenkoAM_0302_2023/Content/Downloads/StarterContent/Materials/M_Concrete_Panels.uasset" 611
"../../../../../UnrealProjects/YatsenkoAM_0302_2023/Content/Downloads/StarterContent/Textures/T_Lamp_N.uasset" 612
"../../../../../UnrealProjects/YatsenkoAM_0302_2023/Content/Downloads/StarterContent/Textures/T_Lamp_M.uasset" 613
"../../../../../UnrealProjects/YatsenkoAM_0302_2023/Content/Downloads/StarterContent/Props/Materials/M_Lamp.uasset" 614
"../../../../../UnrealProjects/YatsenkoAM_0302_2023/Content/Downloads/StarterContent/Props/SM_Lamp_Wall.uasset" 615
"../../../../../UnrealProjects/YatsenkoAM_0302_2023/Content/Downloads/StarterContent/Blueprints/Blueprint_WallSconce.uasset" 616
"../../../../../UnrealProjects/YatsenkoAM_0302_2023/Content/Downloads/StarterContent/Particles/P_Steam_Lit.uasset" 617
"../../../../../UnrealProjects/YatsenkoAM_0302_2023/Content/Downloads/StarterContent/Audio/Steam01.uasset" 618
"../../../../../UnrealProjects/YatsenkoAM_0302_2023/Content/Downloads/StarterContent/Audio/Steam01_Cue.uasset" 619
"../../../../../UnrealProjects/YatsenkoAM_0302_2023/Content/Downloads/StarterContent/Blueprints/Blueprint_Effect_Steam.uasset" 620
"../../../../../UnrealProjects/YatsenkoAM_0302_2023/Content/Downloads/StarterContent/Textures/T_Spark_Core.uasset" 621
"../../../../../UnrealProjects/YatsenkoAM_0302_2023/Content/Downloads/StarterContent/Particles/Materials/M_Spark.uasset" 622
"../../../../../UnrealProjects/YatsenkoAM_0302_2023/Content/Downloads/StarterContent/Particles/Materials/M_Radial_Gradient.uasset" 623
"../../../../../UnrealProjects/YatsenkoAM_0302_2023/Content/Downloads/StarterContent/Particles/P_Sparks.uasset" 624
"../../../../../UnrealProjects/YatsenkoAM_0302_2023/Content/Downloads/StarterContent/Audio/Fire_Sparks01.uasset" 625
"../../../../../UnrealProjects/YatsenkoAM_0302_2023/Content/Downloads/StarterContent/Audio/Fire_Sparks01_Cue.uasset" 626
"../../../../../UnrealProjects/YatsenkoAM_0302_2023/Content/Downloads/StarterContent/Blueprints/Blueprint_Effect_Sparks.uasset" 627
"../../../../../UnrealProjects/YatsenkoAM_0302_2023/Content/Downloads/StarterContent/Particles/P_Smoke.uasset" 628
"../../../../../UnrealProjects/YatsenkoAM_0302_2023/Content/Downloads/StarterContent/Audio/Smoke01.uasset" 629
"../../../../../UnrealProjects/YatsenkoAM_0302_2023/Content/Downloads/StarterContent/Audio/Smoke01_Cue.uasset" 630
"../../../../../UnrealProjects/YatsenkoAM_0302_2023/Content/Downloads/StarterContent/Blueprints/Blueprint_Effect_Smoke.uasset" 631
"../../../../../UnrealProjects/YatsenkoAM_0302_2023/Content/Downloads/StarterContent/Particles/Materials/M_Heat_Distortion.uasset" 632
"../../../../../UnrealProjects/YatsenkoAM_0302_2023/Content/Downloads/StarterContent/Textures/T_Fire_Tiled_D.uasset" 633
"../../../../../UnrealProjects/YatsenkoAM_0302_2023/Content/Downloads/StarterContent/Textures/T_Fire_SubUV.uasset" 634
"../../../../../UnrealProjects/YatsenkoAM_0302_2023/Content/Downloads/StarterContent/Particles/Materials/M_Fire_SubUV.uasset" 635
"../../../../../UnrealProjects/YatsenkoAM_0302_2023/Content/Downloads/StarterContent/Particles/P_Fire.uasset" 636
"../../../../../UnrealProjects/YatsenkoAM_0302_2023/Content/Downloads/StarterContent/Audio/Fire01.uasset" 637
"../../../../../UnrealProjects/YatsenkoAM_0302_2023/Content/Downloads/StarterContent/Audio/Fire01_Cue.uasset" 638
"../../../../../UnrealProjects/YatsenkoAM_0302_2023/Content/Downloads/StarterContent/Blueprints/Blueprint_Effect_Fire.uasset" 639
"../../../../../UnrealProjects/YatsenkoAM_0302_2023/Content/Downloads/StarterContent/Props/SM_Lamp_Ceiling.uasset" 640
"../../../../../UnrealProjects/YatsenkoAM_0302_2023/Content/Downloads/StarterContent/Blueprints/Blueprint_CeilingLight.uasset" 641
"../../../../../UnrealProjects/YatsenkoAM_0302_2023/Content/Downloads/StarterContent/Audio/Starter_Music01.uasset" 642
"../../../../../UnrealProjects/YatsenkoAM_0302_2023/Content/Downloads/StarterContent/Audio/Starter_Music_Cue.uasset" 643
"../../../../../UnrealProjects/YatsenkoAM_0302_2023/Content/Downloads/StarterContent/Audio/Collapse02.uasset" 644
"../../../../../UnrealProjects/YatsenkoAM_0302_2023/Content/Downloads/StarterContent/Audio/Collapse01.uasset" 645
"../../../../../UnrealProjects/YatsenkoAM_0302_2023/Content/Downloads/StarterContent/Audio/Collapse_Cue.uasset" 646
"../../../../../UnrealProjects/YatsenkoAM_0302_2023/Content/Downloads/StarterContent/Architecture/Wall_Window_400x300.uasset" 647
"../../../../../UnrealProjects/YatsenkoAM_0302_2023/Content/Downloads/StarterContent/Architecture/Wall_Door_400x300.uasset" 648
"../../../../../UnrealProjects/YatsenkoAM_0302_2023/Content/Downloads/StarterContent/Architecture/Wall_400x200.uasset" 649
"../../../../../UnrealProjects/YatsenkoAM_0302_2023/Content/Downloads/StarterContent/Maps/StarterMap.umap" 650
"../../../../../UnrealProjects/YatsenkoAM_0302_2023/Content/Downloads/ThirdPersonBP/Maps/ThirdPersonExampleMap_BuiltData.uasset" 651
"../../../../../UnrealProjects/YatsenkoAM_0302_2023/Content/Downloads/ThirdPersonBP/Maps/ThirdPersonExampleMap.umap" 652
"../../../../../UnrealProjects/YatsenkoAM_0302_2023/Content/YatsenkoAM_0302_2023/Maps/Level_001.umap" 653
"../../../Engine/Content/Maps/Entry_BuiltData.uasset" 654
"../../../Engine/Content/Maps/Entry.umap" 655
